{"/Users/mickjohnson/Documents/GitHub/rush/Content/sites/enterprises/assets/js/footerMenu.spec.js":{"path":"/Users/mickjohnson/Documents/GitHub/rush/Content/sites/enterprises/assets/js/footerMenu.spec.js","s":{"1":1,"2":1,"3":1,"4":1,"5":1,"6":1,"7":1,"8":1,"9":1,"10":1,"11":1,"12":1,"13":1,"14":1,"15":1,"16":1},"b":{},"f":{},"fnMap":{},"statementMap":{"1":{"start":{"line":1,"column":0},"end":{"line":1,"column":29}},"2":{"start":{"line":2,"column":0},"end":{"line":2,"column":37}},"3":{"start":{"line":3,"column":0},"end":{"line":3,"column":127}},"4":{"start":{"line":5,"column":0},"end":{"line":5,"column":38}},"5":{"start":{"line":7,"column":0},"end":{"line":7,"column":43}},"6":{"start":{"line":9,"column":0},"end":{"line":29,"column":2}},"7":{"start":{"line":31,"column":0},"end":{"line":45,"column":3}},"8":{"start":{"line":32,"column":2},"end":{"line":35,"column":4}},"9":{"start":{"line":37,"column":2},"end":{"line":37,"column":52}},"10":{"start":{"line":39,"column":2},"end":{"line":42,"column":4}},"11":{"start":{"line":44,"column":2},"end":{"line":44,"column":15}},"12":{"start":{"line":47,"column":0},"end":{"line":61,"column":3}},"13":{"start":{"line":48,"column":2},"end":{"line":51,"column":4}},"14":{"start":{"line":53,"column":2},"end":{"line":53,"column":51}},"15":{"start":{"line":55,"column":2},"end":{"line":58,"column":4}},"16":{"start":{"line":60,"column":2},"end":{"line":60,"column":15}}},"branchMap":{}},"/Users/mickjohnson/Documents/GitHub/rush/Content/sites/enterprises/assets/js/footerMenu.js":{"path":"/Users/mickjohnson/Documents/GitHub/rush/Content/sites/enterprises/assets/js/footerMenu.js","s":{"1":1,"2":1,"3":1,"4":1,"5":4,"6":4,"7":4,"8":4,"9":4,"10":4,"11":1,"12":1,"13":4,"14":4,"15":4,"16":4,"17":4,"18":4,"19":1,"20":1},"b":{"1":[1,0],"2":[1,1]},"f":{"1":1,"2":1},"fnMap":{"1":{"name":"generateDesktopFooterLinks","line":141,"loc":{"start":{"line":141,"column":0},"end":{"line":141,"column":42}}},"2":{"name":"generateMobileFooterLinks","line":152,"loc":{"start":{"line":152,"column":0},"end":{"line":152,"column":41}}}},"statementMap":{"1":{"start":{"line":5,"column":0},"end":{"line":71,"column":2}},"2":{"start":{"line":73,"column":0},"end":{"line":139,"column":2}},"3":{"start":{"line":141,"column":0},"end":{"line":150,"column":1}},"4":{"start":{"line":142,"column":2},"end":{"line":149,"column":5}},"5":{"start":{"line":143,"column":4},"end":{"line":143,"column":40}},"6":{"start":{"line":144,"column":4},"end":{"line":144,"column":54}},"7":{"start":{"line":145,"column":4},"end":{"line":145,"column":28}},"8":{"start":{"line":146,"column":4},"end":{"line":146,"column":24}},"9":{"start":{"line":147,"column":4},"end":{"line":147,"column":22}},"10":{"start":{"line":148,"column":4},"end":{"line":148,"column":66}},"11":{"start":{"line":152,"column":0},"end":{"line":161,"column":1}},"12":{"start":{"line":153,"column":2},"end":{"line":160,"column":5}},"13":{"start":{"line":154,"column":4},"end":{"line":154,"column":40}},"14":{"start":{"line":155,"column":4},"end":{"line":155,"column":54}},"15":{"start":{"line":156,"column":4},"end":{"line":156,"column":28}},"16":{"start":{"line":157,"column":4},"end":{"line":157,"column":24}},"17":{"start":{"line":158,"column":4},"end":{"line":158,"column":22}},"18":{"start":{"line":159,"column":4},"end":{"line":159,"column":74}},"19":{"start":{"line":163,"column":0},"end":{"line":168,"column":1}},"20":{"start":{"line":164,"column":2},"end":{"line":167,"column":4}}},"branchMap":{"1":{"line":163,"type":"if","locations":[{"start":{"line":163,"column":0},"end":{"line":163,"column":0}},{"start":{"line":163,"column":0},"end":{"line":163,"column":0}}]},"2":{"line":163,"type":"binary-expr","locations":[{"start":{"line":163,"column":4},"end":{"line":163,"column":33}},{"start":{"line":163,"column":37},"end":{"line":163,"column":51}}]}}},"/Users/mickjohnson/Documents/GitHub/rush/Content/sites/enterprises/assets/js/mobileMenu.spec.js":{"path":"/Users/mickjohnson/Documents/GitHub/rush/Content/sites/enterprises/assets/js/mobileMenu.spec.js","s":{"1":1,"2":1,"3":1,"4":1,"5":1,"6":1,"7":1,"8":1,"9":1,"10":1,"11":1,"12":1,"13":1,"14":1,"15":1,"16":1,"17":1,"18":1,"19":1,"20":1,"21":1,"22":1,"23":1,"24":1,"25":1,"26":1,"27":1},"b":{},"f":{},"fnMap":{},"statementMap":{"1":{"start":{"line":1,"column":0},"end":{"line":1,"column":29}},"2":{"start":{"line":2,"column":0},"end":{"line":2,"column":37}},"3":{"start":{"line":3,"column":0},"end":{"line":3,"column":25}},"4":{"start":{"line":5,"column":0},"end":{"line":5,"column":78}},"5":{"start":{"line":6,"column":0},"end":{"line":6,"column":28}},"6":{"start":{"line":8,"column":0},"end":{"line":8,"column":38}},"7":{"start":{"line":10,"column":0},"end":{"line":10,"column":43}},"8":{"start":{"line":12,"column":0},"end":{"line":48,"column":3}},"9":{"start":{"line":13,"column":2},"end":{"line":17,"column":4}},"10":{"start":{"line":19,"column":2},"end":{"line":19,"column":26}},"11":{"start":{"line":21,"column":2},"end":{"line":25,"column":4}},"12":{"start":{"line":26,"column":2},"end":{"line":30,"column":4}},"13":{"start":{"line":32,"column":2},"end":{"line":32,"column":27}},"14":{"start":{"line":34,"column":2},"end":{"line":38,"column":4}},"15":{"start":{"line":39,"column":2},"end":{"line":43,"column":4}},"16":{"start":{"line":45,"column":2},"end":{"line":45,"column":26}},"17":{"start":{"line":47,"column":2},"end":{"line":47,"column":15}},"18":{"start":{"line":50,"column":0},"end":{"line":79,"column":3}},"19":{"start":{"line":51,"column":2},"end":{"line":51,"column":47}},"20":{"start":{"line":52,"column":2},"end":{"line":52,"column":38}},"21":{"start":{"line":54,"column":2},"end":{"line":54,"column":35}},"22":{"start":{"line":56,"column":2},"end":{"line":60,"column":4}},"23":{"start":{"line":62,"column":2},"end":{"line":62,"column":52}},"24":{"start":{"line":64,"column":2},"end":{"line":68,"column":4}},"25":{"start":{"line":70,"column":2},"end":{"line":70,"column":52}},"26":{"start":{"line":72,"column":2},"end":{"line":76,"column":4}},"27":{"start":{"line":78,"column":2},"end":{"line":78,"column":15}}},"branchMap":{}},"/Users/mickjohnson/Documents/GitHub/rush/Content/sites/enterprises/assets/js/mobileMenu.js":{"path":"/Users/mickjohnson/Documents/GitHub/rush/Content/sites/enterprises/assets/js/mobileMenu.js","s":{"1":1,"2":2,"3":2,"4":2,"5":2,"6":1,"7":1,"8":1,"9":1,"10":1,"11":1,"12":2,"13":2,"14":2,"15":2,"16":1,"17":1},"b":{"1":[2,0],"2":[1,0],"3":[1,1],"4":[1,0],"5":[1,1]},"f":{"1":2,"2":1,"3":2},"fnMap":{"1":{"name":"openDrawer","line":1,"loc":{"start":{"line":1,"column":0},"end":{"line":1,"column":22}}},"2":{"name":"closeDrawer","line":9,"loc":{"start":{"line":9,"column":0},"end":{"line":9,"column":23}}},"3":{"name":"toggleMobileSubNav","line":18,"loc":{"start":{"line":18,"column":0},"end":{"line":18,"column":48}}}},"statementMap":{"1":{"start":{"line":1,"column":0},"end":{"line":7,"column":1}},"2":{"start":{"line":2,"column":2},"end":{"line":6,"column":3}},"3":{"start":{"line":3,"column":4},"end":{"line":3,"column":86}},"4":{"start":{"line":4,"column":4},"end":{"line":4,"column":83}},"5":{"start":{"line":5,"column":4},"end":{"line":5,"column":83}},"6":{"start":{"line":9,"column":0},"end":{"line":16,"column":1}},"7":{"start":{"line":10,"column":2},"end":{"line":15,"column":3}},"8":{"start":{"line":11,"column":4},"end":{"line":11,"column":86}},"9":{"start":{"line":12,"column":4},"end":{"line":12,"column":83}},"10":{"start":{"line":13,"column":4},"end":{"line":13,"column":84}},"11":{"start":{"line":18,"column":0},"end":{"line":26,"column":1}},"12":{"start":{"line":19,"column":2},"end":{"line":21,"column":55}},"13":{"start":{"line":23,"column":2},"end":{"line":23,"column":64}},"14":{"start":{"line":24,"column":2},"end":{"line":24,"column":75}},"15":{"start":{"line":25,"column":2},"end":{"line":25,"column":75}},"16":{"start":{"line":28,"column":0},"end":{"line":34,"column":1}},"17":{"start":{"line":29,"column":2},"end":{"line":33,"column":2}}},"branchMap":{"1":{"line":2,"type":"if","locations":[{"start":{"line":2,"column":2},"end":{"line":2,"column":2}},{"start":{"line":2,"column":2},"end":{"line":2,"column":2}}]},"2":{"line":10,"type":"if","locations":[{"start":{"line":10,"column":2},"end":{"line":10,"column":2}},{"start":{"line":10,"column":2},"end":{"line":10,"column":2}}]},"3":{"line":19,"type":"cond-expr","locations":[{"start":{"line":20,"column":4},"end":{"line":20,"column":55}},{"start":{"line":21,"column":4},"end":{"line":21,"column":54}}]},"4":{"line":28,"type":"if","locations":[{"start":{"line":28,"column":0},"end":{"line":28,"column":0}},{"start":{"line":28,"column":0},"end":{"line":28,"column":0}}]},"5":{"line":28,"type":"binary-expr","locations":[{"start":{"line":28,"column":4},"end":{"line":28,"column":33}},{"start":{"line":28,"column":37},"end":{"line":28,"column":51}}]}}}}