{"/Users/mickjohnson/Documents/GitHub/rush/Content/sites/enterprises/assets/js/dropdownMenu.js":{"path":"/Users/mickjohnson/Documents/GitHub/rush/Content/sites/enterprises/assets/js/dropdownMenu.js","s":{"1":1,"2":1,"3":1,"4":1,"5":1,"6":1,"7":1,"8":1,"9":1,"10":1,"11":0,"12":0,"13":0,"14":0,"15":0,"16":1,"17":0,"18":1,"19":1,"20":1,"21":1},"b":{"1":[1,0],"2":[0,0],"3":[0,0],"4":[1,0],"5":[1,1]},"f":{"1":1},"fnMap":{"1":{"name":"toggleMenu","line":3,"loc":{"start":{"line":3,"column":0},"end":{"line":3,"column":35}}}},"statementMap":{"1":{"start":{"line":2,"column":0},"end":{"line":2,"column":23}},"2":{"start":{"line":3,"column":0},"end":{"line":32,"column":1}},"3":{"start":{"line":4,"column":2},"end":{"line":4,"column":25}},"4":{"start":{"line":7,"column":2},"end":{"line":31,"column":3}},"5":{"start":{"line":8,"column":4},"end":{"line":8,"column":49}},"6":{"start":{"line":9,"column":4},"end":{"line":9,"column":39}},"7":{"start":{"line":11,"column":4},"end":{"line":11,"column":60}},"8":{"start":{"line":12,"column":4},"end":{"line":12,"column":56}},"9":{"start":{"line":13,"column":4},"end":{"line":13,"column":22}},"10":{"start":{"line":16,"column":4},"end":{"line":23,"column":5}},"11":{"start":{"line":17,"column":6},"end":{"line":22,"column":7}},"12":{"start":{"line":18,"column":8},"end":{"line":18,"column":36}},"13":{"start":{"line":19,"column":8},"end":{"line":19,"column":61}},"14":{"start":{"line":20,"column":8},"end":{"line":20,"column":27}},"15":{"start":{"line":21,"column":8},"end":{"line":21,"column":30}},"16":{"start":{"line":25,"column":4},"end":{"line":27,"column":5}},"17":{"start":{"line":26,"column":6},"end":{"line":26,"column":66}},"18":{"start":{"line":30,"column":4},"end":{"line":30,"column":82}},"19":{"start":{"line":30,"column":21},"end":{"line":30,"column":77}},"20":{"start":{"line":35,"column":0},"end":{"line":39,"column":1},"skip":true},"21":{"start":{"line":36,"column":2},"end":{"line":38,"column":4},"skip":true}},"branchMap":{"1":{"line":7,"type":"if","locations":[{"start":{"line":7,"column":2},"end":{"line":7,"column":2}},{"start":{"line":7,"column":2},"end":{"line":7,"column":2}}]},"2":{"line":17,"type":"if","locations":[{"start":{"line":17,"column":6},"end":{"line":17,"column":6}},{"start":{"line":17,"column":6},"end":{"line":17,"column":6}}]},"3":{"line":17,"type":"binary-expr","locations":[{"start":{"line":17,"column":10},"end":{"line":17,"column":38}},{"start":{"line":17,"column":42},"end":{"line":17,"column":85}}]},"4":{"line":35,"type":"if","locations":[{"start":{"line":35,"column":0},"end":{"line":35,"column":0},"skip":true},{"start":{"line":35,"column":0},"end":{"line":35,"column":0},"skip":true}]},"5":{"line":35,"type":"binary-expr","locations":[{"start":{"line":35,"column":4},"end":{"line":35,"column":33},"skip":true},{"start":{"line":35,"column":37},"end":{"line":35,"column":51},"skip":true}]}}},"/Users/mickjohnson/Documents/GitHub/rush/Content/sites/enterprises/assets/js/footerMenu.js":{"path":"/Users/mickjohnson/Documents/GitHub/rush/Content/sites/enterprises/assets/js/footerMenu.js","s":{"1":1,"2":1,"3":1,"4":4,"5":4,"6":4,"7":4,"8":4,"9":4,"10":1,"11":1,"12":1,"13":4,"14":4,"15":4,"16":4,"17":4,"18":4,"19":1,"20":1},"b":{"1":[1,0],"2":[1,0],"3":[1,0],"4":[1,1]},"f":{"1":1,"2":1},"fnMap":{"1":{"name":"generateDesktopFooterLinks","line":5,"loc":{"start":{"line":5,"column":0},"end":{"line":5,"column":42}}},"2":{"name":"generateMobileFooterLinks","line":18,"loc":{"start":{"line":18,"column":0},"end":{"line":18,"column":41}}}},"statementMap":{"1":{"start":{"line":5,"column":0},"end":{"line":16,"column":1}},"2":{"start":{"line":6,"column":2},"end":{"line":15,"column":3}},"3":{"start":{"line":7,"column":4},"end":{"line":14,"column":7}},"4":{"start":{"line":8,"column":6},"end":{"line":8,"column":42}},"5":{"start":{"line":9,"column":6},"end":{"line":9,"column":56}},"6":{"start":{"line":10,"column":6},"end":{"line":10,"column":30}},"7":{"start":{"line":11,"column":6},"end":{"line":11,"column":26}},"8":{"start":{"line":12,"column":6},"end":{"line":12,"column":24}},"9":{"start":{"line":13,"column":6},"end":{"line":13,"column":68}},"10":{"start":{"line":18,"column":0},"end":{"line":29,"column":1}},"11":{"start":{"line":19,"column":2},"end":{"line":28,"column":3}},"12":{"start":{"line":20,"column":4},"end":{"line":27,"column":7}},"13":{"start":{"line":21,"column":6},"end":{"line":21,"column":42}},"14":{"start":{"line":22,"column":6},"end":{"line":22,"column":56}},"15":{"start":{"line":23,"column":6},"end":{"line":23,"column":30}},"16":{"start":{"line":24,"column":6},"end":{"line":24,"column":26}},"17":{"start":{"line":25,"column":6},"end":{"line":25,"column":24}},"18":{"start":{"line":26,"column":6},"end":{"line":26,"column":76}},"19":{"start":{"line":32,"column":0},"end":{"line":37,"column":1},"skip":true},"20":{"start":{"line":33,"column":2},"end":{"line":36,"column":4},"skip":true}},"branchMap":{"1":{"line":6,"type":"if","locations":[{"start":{"line":6,"column":2},"end":{"line":6,"column":2}},{"start":{"line":6,"column":2},"end":{"line":6,"column":2}}]},"2":{"line":19,"type":"if","locations":[{"start":{"line":19,"column":2},"end":{"line":19,"column":2}},{"start":{"line":19,"column":2},"end":{"line":19,"column":2}}]},"3":{"line":32,"type":"if","locations":[{"start":{"line":32,"column":0},"end":{"line":32,"column":0},"skip":true},{"start":{"line":32,"column":0},"end":{"line":32,"column":0},"skip":true}]},"4":{"line":32,"type":"binary-expr","locations":[{"start":{"line":32,"column":4},"end":{"line":32,"column":33},"skip":true},{"start":{"line":32,"column":37},"end":{"line":32,"column":51},"skip":true}]}}},"/Users/mickjohnson/Documents/GitHub/rush/Content/sites/enterprises/assets/js/headerNavLinks.js":{"path":"/Users/mickjohnson/Documents/GitHub/rush/Content/sites/enterprises/assets/js/headerNavLinks.js","s":{"1":1,"2":2,"3":1,"4":1,"5":1,"6":1,"7":1,"8":1,"9":6,"10":1,"11":6,"12":6,"13":6,"14":6,"15":6,"16":6,"17":6,"18":6,"19":6,"20":1,"21":6,"22":2,"23":0,"24":2,"25":2,"26":2,"27":2,"28":2,"29":2,"30":2,"31":2,"32":2,"33":2,"34":2,"35":6,"36":6,"37":6,"38":6,"39":6,"40":6,"41":6,"42":6,"43":2,"44":2,"45":4,"46":6,"47":6,"48":6,"49":6,"50":1,"51":1,"52":1,"53":1,"54":1,"55":3,"56":3,"57":3,"58":3,"59":1,"60":3,"61":3,"62":3,"63":3,"64":3,"65":3,"66":3,"67":3,"68":1,"69":1,"70":2,"71":1,"72":1,"73":1,"74":1,"75":6,"76":6,"77":6,"78":6,"79":6,"80":6,"81":6,"82":6,"83":2,"84":2,"85":0,"86":2,"87":2,"88":2,"89":2,"90":2,"91":2,"92":2,"93":2,"94":2,"95":2,"96":2,"97":2,"98":2,"99":2,"100":2,"101":2,"102":2,"103":2,"104":2,"105":6,"106":6,"107":6,"108":6,"109":1,"110":6,"111":6,"112":6,"113":6,"114":6,"115":6,"116":6,"117":6,"118":6,"119":4,"120":4,"121":6,"122":6,"123":6,"124":1,"125":1,"126":1},"b":{"1":[1,1],"2":[1,5],"3":[6,1,1],"4":[1,5],"5":[2,4],"6":[6,6],"7":[1,0],"8":[1,2],"9":[1,1],"10":[2,4],"11":[6,6],"12":[1,5],"13":[1,0],"14":[1,1]},"f":{"1":2,"2":2},"fnMap":{"1":{"name":"createDesktopNavigation","line":1,"loc":{"start":{"line":1,"column":0},"end":{"line":1,"column":46}}},"2":{"name":"createMobileNavigation","line":113,"loc":{"start":{"line":113,"column":0},"end":{"line":113,"column":45}}}},"statementMap":{"1":{"start":{"line":1,"column":0},"end":{"line":111,"column":1}},"2":{"start":{"line":2,"column":2},"end":{"line":4,"column":3}},"3":{"start":{"line":3,"column":4},"end":{"line":3,"column":11}},"4":{"start":{"line":5,"column":2},"end":{"line":5,"column":26}},"5":{"start":{"line":6,"column":2},"end":{"line":6,"column":52}},"6":{"start":{"line":7,"column":2},"end":{"line":7,"column":42}},"7":{"start":{"line":8,"column":2},"end":{"line":8,"column":61}},"8":{"start":{"line":9,"column":2},"end":{"line":77,"column":5}},"9":{"start":{"line":11,"column":4},"end":{"line":13,"column":5}},"10":{"start":{"line":12,"column":6},"end":{"line":12,"column":37}},"11":{"start":{"line":16,"column":4},"end":{"line":16,"column":44}},"12":{"start":{"line":17,"column":4},"end":{"line":17,"column":69}},"13":{"start":{"line":20,"column":4},"end":{"line":20,"column":42}},"14":{"start":{"line":21,"column":4},"end":{"line":21,"column":33}},"15":{"start":{"line":22,"column":4},"end":{"line":22,"column":56}},"16":{"start":{"line":23,"column":4},"end":{"line":23,"column":28}},"17":{"start":{"line":24,"column":4},"end":{"line":24,"column":24}},"18":{"start":{"line":25,"column":4},"end":{"line":25,"column":22}},"19":{"start":{"line":28,"column":4},"end":{"line":30,"column":5}},"20":{"start":{"line":29,"column":6},"end":{"line":29,"column":34}},"21":{"start":{"line":33,"column":4},"end":{"line":68,"column":5}},"22":{"start":{"line":35,"column":6},"end":{"line":35,"column":65}},"23":{"start":{"line":35,"column":29},"end":{"line":35,"column":64}},"24":{"start":{"line":38,"column":6},"end":{"line":38,"column":53}},"25":{"start":{"line":39,"column":6},"end":{"line":39,"column":96}},"26":{"start":{"line":40,"column":6},"end":{"line":40,"column":67}},"27":{"start":{"line":41,"column":6},"end":{"line":41,"column":30}},"28":{"start":{"line":43,"column":6},"end":{"line":43,"column":24}},"29":{"start":{"line":46,"column":6},"end":{"line":46,"column":60}},"30":{"start":{"line":47,"column":6},"end":{"line":47,"column":53}},"31":{"start":{"line":48,"column":6},"end":{"line":48,"column":59}},"32":{"start":{"line":49,"column":6},"end":{"line":49,"column":62}},"33":{"start":{"line":51,"column":6},"end":{"line":51,"column":54}},"34":{"start":{"line":53,"column":6},"end":{"line":62,"column":9}},"35":{"start":{"line":54,"column":8},"end":{"line":54,"column":55}},"36":{"start":{"line":55,"column":8},"end":{"line":55,"column":54}},"37":{"start":{"line":56,"column":8},"end":{"line":56,"column":66}},"38":{"start":{"line":57,"column":8},"end":{"line":57,"column":45}},"39":{"start":{"line":58,"column":8},"end":{"line":58,"column":37}},"40":{"start":{"line":59,"column":8},"end":{"line":59,"column":35}},"41":{"start":{"line":60,"column":8},"end":{"line":60,"column":41}},"42":{"start":{"line":61,"column":8},"end":{"line":61,"column":42}},"43":{"start":{"line":64,"column":6},"end":{"line":64,"column":46}},"44":{"start":{"line":65,"column":6},"end":{"line":65,"column":38}},"45":{"start":{"line":67,"column":6},"end":{"line":67,"column":24}},"46":{"start":{"line":72,"column":4},"end":{"line":72,"column":50}},"47":{"start":{"line":73,"column":4},"end":{"line":73,"column":35}},"48":{"start":{"line":74,"column":4},"end":{"line":74,"column":26}},"49":{"start":{"line":76,"column":4},"end":{"line":76,"column":23}},"50":{"start":{"line":80,"column":2},"end":{"line":80,"column":29}},"51":{"start":{"line":84,"column":2},"end":{"line":110,"column":3}},"52":{"start":{"line":85,"column":4},"end":{"line":85,"column":61}},"53":{"start":{"line":86,"column":4},"end":{"line":86,"column":87}},"54":{"start":{"line":88,"column":4},"end":{"line":107,"column":7}},"55":{"start":{"line":89,"column":6},"end":{"line":89,"column":58}},"56":{"start":{"line":90,"column":6},"end":{"line":90,"column":65}},"57":{"start":{"line":91,"column":6},"end":{"line":91,"column":49}},"58":{"start":{"line":92,"column":6},"end":{"line":94,"column":7}},"59":{"start":{"line":93,"column":8},"end":{"line":93,"column":50}},"60":{"start":{"line":95,"column":6},"end":{"line":95,"column":51}},"61":{"start":{"line":96,"column":6},"end":{"line":96,"column":40}},"62":{"start":{"line":97,"column":6},"end":{"line":97,"column":38}},"63":{"start":{"line":99,"column":6},"end":{"line":99,"column":52}},"64":{"start":{"line":100,"column":6},"end":{"line":100,"column":37}},"65":{"start":{"line":101,"column":6},"end":{"line":101,"column":42}},"66":{"start":{"line":103,"column":6},"end":{"line":103,"column":54}},"67":{"start":{"line":106,"column":6},"end":{"line":106,"column":74}},"68":{"start":{"line":109,"column":4},"end":{"line":109,"column":47}},"69":{"start":{"line":113,"column":0},"end":{"line":191,"column":1}},"70":{"start":{"line":114,"column":2},"end":{"line":116,"column":3}},"71":{"start":{"line":115,"column":4},"end":{"line":115,"column":11}},"72":{"start":{"line":117,"column":2},"end":{"line":117,"column":52}},"73":{"start":{"line":118,"column":2},"end":{"line":118,"column":42}},"74":{"start":{"line":120,"column":2},"end":{"line":188,"column":4}},"75":{"start":{"line":122,"column":4},"end":{"line":122,"column":44}},"76":{"start":{"line":123,"column":4},"end":{"line":123,"column":63}},"77":{"start":{"line":126,"column":4},"end":{"line":126,"column":42}},"78":{"start":{"line":127,"column":4},"end":{"line":127,"column":56}},"79":{"start":{"line":128,"column":4},"end":{"line":128,"column":28}},"80":{"start":{"line":129,"column":4},"end":{"line":129,"column":24}},"81":{"start":{"line":130,"column":4},"end":{"line":130,"column":22}},"82":{"start":{"line":132,"column":4},"end":{"line":182,"column":5}},"83":{"start":{"line":133,"column":6},"end":{"line":133,"column":60}},"84":{"start":{"line":134,"column":6},"end":{"line":134,"column":68}},"85":{"start":{"line":134,"column":29},"end":{"line":134,"column":67}},"86":{"start":{"line":135,"column":6},"end":{"line":135,"column":47}},"87":{"start":{"line":136,"column":6},"end":{"line":136,"column":60}},"88":{"start":{"line":138,"column":6},"end":{"line":138,"column":58}},"89":{"start":{"line":139,"column":6},"end":{"line":139,"column":105}},"90":{"start":{"line":140,"column":6},"end":{"line":140,"column":63}},"91":{"start":{"line":141,"column":6},"end":{"line":141,"column":92}},"92":{"start":{"line":142,"column":6},"end":{"line":142,"column":42}},"93":{"start":{"line":144,"column":6},"end":{"line":144,"column":60}},"94":{"start":{"line":145,"column":6},"end":{"line":145,"column":105}},"95":{"start":{"line":146,"column":6},"end":{"line":146,"column":65}},"96":{"start":{"line":147,"column":6},"end":{"line":147,"column":94}},"97":{"start":{"line":149,"column":6},"end":{"line":149,"column":35}},"98":{"start":{"line":150,"column":6},"end":{"line":150,"column":37}},"99":{"start":{"line":152,"column":6},"end":{"line":152,"column":24}},"100":{"start":{"line":154,"column":6},"end":{"line":154,"column":54}},"101":{"start":{"line":155,"column":6},"end":{"line":155,"column":86}},"102":{"start":{"line":156,"column":6},"end":{"line":156,"column":39}},"103":{"start":{"line":157,"column":6},"end":{"line":157,"column":49}},"104":{"start":{"line":159,"column":6},"end":{"line":178,"column":9}},"105":{"start":{"line":160,"column":8},"end":{"line":160,"column":53}},"106":{"start":{"line":161,"column":8},"end":{"line":161,"column":72}},"107":{"start":{"line":162,"column":8},"end":{"line":162,"column":79}},"108":{"start":{"line":164,"column":8},"end":{"line":166,"column":9}},"109":{"start":{"line":165,"column":10},"end":{"line":165,"column":84}},"110":{"start":{"line":168,"column":8},"end":{"line":168,"column":54}},"111":{"start":{"line":169,"column":8},"end":{"line":169,"column":66}},"112":{"start":{"line":170,"column":8},"end":{"line":170,"column":45}},"113":{"start":{"line":171,"column":8},"end":{"line":171,"column":37}},"114":{"start":{"line":172,"column":8},"end":{"line":172,"column":35}},"115":{"start":{"line":174,"column":8},"end":{"line":174,"column":39}},"116":{"start":{"line":175,"column":8},"end":{"line":175,"column":40}},"117":{"start":{"line":176,"column":8},"end":{"line":176,"column":27}},"118":{"start":{"line":177,"column":8},"end":{"line":177,"column":35}},"119":{"start":{"line":180,"column":6},"end":{"line":180,"column":24}},"120":{"start":{"line":181,"column":6},"end":{"line":181,"column":25}},"121":{"start":{"line":185,"column":4},"end":{"line":185,"column":49}},"122":{"start":{"line":186,"column":4},"end":{"line":186,"column":71}},"123":{"start":{"line":187,"column":4},"end":{"line":187,"column":28}},"124":{"start":{"line":190,"column":2},"end":{"line":190,"column":29}},"125":{"start":{"line":194,"column":0},"end":{"line":199,"column":1},"skip":true},"126":{"start":{"line":195,"column":2},"end":{"line":198,"column":4},"skip":true}},"branchMap":{"1":{"line":2,"type":"if","locations":[{"start":{"line":2,"column":2},"end":{"line":2,"column":2}},{"start":{"line":2,"column":2},"end":{"line":2,"column":2}}]},"2":{"line":11,"type":"if","locations":[{"start":{"line":11,"column":4},"end":{"line":11,"column":4}},{"start":{"line":11,"column":4},"end":{"line":11,"column":4}}]},"3":{"line":11,"type":"binary-expr","locations":[{"start":{"line":11,"column":8},"end":{"line":11,"column":21}},{"start":{"line":11,"column":25},"end":{"line":11,"column":38}},{"start":{"line":11,"column":42},"end":{"line":11,"column":66}}]},"4":{"line":28,"type":"if","locations":[{"start":{"line":28,"column":4},"end":{"line":28,"column":4}},{"start":{"line":28,"column":4},"end":{"line":28,"column":4}}]},"5":{"line":33,"type":"if","locations":[{"start":{"line":33,"column":4},"end":{"line":33,"column":4}},{"start":{"line":33,"column":4},"end":{"line":33,"column":4}}]},"6":{"line":33,"type":"binary-expr","locations":[{"start":{"line":33,"column":8},"end":{"line":33,"column":21}},{"start":{"line":33,"column":25},"end":{"line":33,"column":49}}]},"7":{"line":84,"type":"if","locations":[{"start":{"line":84,"column":2},"end":{"line":84,"column":2}},{"start":{"line":84,"column":2},"end":{"line":84,"column":2}}]},"8":{"line":92,"type":"if","locations":[{"start":{"line":92,"column":6},"end":{"line":92,"column":6}},{"start":{"line":92,"column":6},"end":{"line":92,"column":6}}]},"9":{"line":114,"type":"if","locations":[{"start":{"line":114,"column":2},"end":{"line":114,"column":2}},{"start":{"line":114,"column":2},"end":{"line":114,"column":2}}]},"10":{"line":132,"type":"if","locations":[{"start":{"line":132,"column":4},"end":{"line":132,"column":4}},{"start":{"line":132,"column":4},"end":{"line":132,"column":4}}]},"11":{"line":132,"type":"binary-expr","locations":[{"start":{"line":132,"column":8},"end":{"line":132,"column":21}},{"start":{"line":132,"column":25},"end":{"line":132,"column":49}}]},"12":{"line":164,"type":"if","locations":[{"start":{"line":164,"column":8},"end":{"line":164,"column":8}},{"start":{"line":164,"column":8},"end":{"line":164,"column":8}}]},"13":{"line":194,"type":"if","locations":[{"start":{"line":194,"column":0},"end":{"line":194,"column":0},"skip":true},{"start":{"line":194,"column":0},"end":{"line":194,"column":0},"skip":true}]},"14":{"line":194,"type":"binary-expr","locations":[{"start":{"line":194,"column":4},"end":{"line":194,"column":33},"skip":true},{"start":{"line":194,"column":37},"end":{"line":194,"column":51},"skip":true}]}}},"/Users/mickjohnson/Documents/GitHub/rush/Content/sites/enterprises/assets/js/mobileMenu.js":{"path":"/Users/mickjohnson/Documents/GitHub/rush/Content/sites/enterprises/assets/js/mobileMenu.js","s":{"1":1,"2":2,"3":2,"4":2,"5":2,"6":1,"7":1,"8":1,"9":1,"10":1,"11":1,"12":2,"13":2,"14":2,"15":2,"16":1,"17":1},"b":{"1":[2,0],"2":[1,0],"3":[1,1],"4":[1,0],"5":[1,1]},"f":{"1":2,"2":1,"3":2},"fnMap":{"1":{"name":"openDrawer","line":1,"loc":{"start":{"line":1,"column":0},"end":{"line":1,"column":22}}},"2":{"name":"closeDrawer","line":9,"loc":{"start":{"line":9,"column":0},"end":{"line":9,"column":23}}},"3":{"name":"toggleMobileSubNav","line":18,"loc":{"start":{"line":18,"column":0},"end":{"line":18,"column":48}}}},"statementMap":{"1":{"start":{"line":1,"column":0},"end":{"line":7,"column":1}},"2":{"start":{"line":2,"column":2},"end":{"line":6,"column":3}},"3":{"start":{"line":3,"column":4},"end":{"line":3,"column":86}},"4":{"start":{"line":4,"column":4},"end":{"line":4,"column":83}},"5":{"start":{"line":5,"column":4},"end":{"line":5,"column":83}},"6":{"start":{"line":9,"column":0},"end":{"line":16,"column":1}},"7":{"start":{"line":10,"column":2},"end":{"line":15,"column":3}},"8":{"start":{"line":11,"column":4},"end":{"line":11,"column":86}},"9":{"start":{"line":12,"column":4},"end":{"line":12,"column":83}},"10":{"start":{"line":13,"column":4},"end":{"line":13,"column":84}},"11":{"start":{"line":18,"column":0},"end":{"line":26,"column":1}},"12":{"start":{"line":19,"column":2},"end":{"line":21,"column":55}},"13":{"start":{"line":23,"column":2},"end":{"line":23,"column":64}},"14":{"start":{"line":24,"column":2},"end":{"line":24,"column":75}},"15":{"start":{"line":25,"column":2},"end":{"line":25,"column":75}},"16":{"start":{"line":29,"column":0},"end":{"line":35,"column":1},"skip":true},"17":{"start":{"line":30,"column":2},"end":{"line":34,"column":4},"skip":true}},"branchMap":{"1":{"line":2,"type":"if","locations":[{"start":{"line":2,"column":2},"end":{"line":2,"column":2}},{"start":{"line":2,"column":2},"end":{"line":2,"column":2}}]},"2":{"line":10,"type":"if","locations":[{"start":{"line":10,"column":2},"end":{"line":10,"column":2}},{"start":{"line":10,"column":2},"end":{"line":10,"column":2}}]},"3":{"line":19,"type":"cond-expr","locations":[{"start":{"line":20,"column":4},"end":{"line":20,"column":55}},{"start":{"line":21,"column":4},"end":{"line":21,"column":54}}]},"4":{"line":29,"type":"if","locations":[{"start":{"line":29,"column":0},"end":{"line":29,"column":0},"skip":true},{"start":{"line":29,"column":0},"end":{"line":29,"column":0},"skip":true}]},"5":{"line":29,"type":"binary-expr","locations":[{"start":{"line":29,"column":4},"end":{"line":29,"column":33},"skip":true},{"start":{"line":29,"column":37},"end":{"line":29,"column":51},"skip":true}]}}}}