TN:
SF:/Users/mickjohnson/Documents/GitHub/rush/Content/sites/enterprises/assets/js/footerMenu.spec.js
FNF:0
FNH:0
DA:1,1
DA:2,1
DA:3,1
DA:5,1
DA:7,1
DA:9,1
DA:31,1
DA:32,1
DA:37,1
DA:39,1
DA:44,1
DA:47,1
DA:48,1
DA:53,1
DA:55,1
DA:60,1
LF:16
LH:16
BRF:0
BRH:0
end_of_record
TN:
SF:/Users/mickjohnson/Documents/GitHub/rush/Content/sites/enterprises/assets/js/footerMenu.js
FN:141,generateDesktopFooterLinks
FN:152,generateMobileFooterLinks
FNF:2
FNH:2
FNDA:1,generateDesktopFooterLinks
FNDA:1,generateMobileFooterLinks
DA:5,1
DA:73,1
DA:141,1
DA:142,1
DA:143,4
DA:144,4
DA:145,4
DA:146,4
DA:147,4
DA:148,4
DA:152,1
DA:153,1
DA:154,4
DA:155,4
DA:156,4
DA:157,4
DA:158,4
DA:159,4
DA:163,1
DA:164,1
LF:20
LH:20
BRDA:163,1,0,1
BRDA:163,1,1,0
BRDA:163,2,0,1
BRDA:163,2,1,1
BRF:4
BRH:3
end_of_record
TN:
SF:/Users/mickjohnson/Documents/GitHub/rush/Content/sites/enterprises/assets/js/mobileMenu.spec.js
FNF:0
FNH:0
DA:1,1
DA:2,1
DA:3,1
DA:5,1
DA:6,1
DA:8,1
DA:10,1
DA:12,1
DA:13,1
DA:19,1
DA:21,1
DA:26,1
DA:32,1
DA:34,1
DA:39,1
DA:45,1
DA:47,1
DA:50,1
DA:51,1
DA:52,1
DA:54,1
DA:56,1
DA:62,1
DA:64,1
DA:70,1
DA:72,1
DA:78,1
LF:27
LH:27
BRF:0
BRH:0
end_of_record
TN:
SF:/Users/mickjohnson/Documents/GitHub/rush/Content/sites/enterprises/assets/js/mobileMenu.js
FN:1,openDrawer
FN:9,closeDrawer
FN:18,toggleMobileSubNav
FNF:3
FNH:3
FNDA:2,openDrawer
FNDA:1,closeDrawer
FNDA:2,toggleMobileSubNav
DA:1,1
DA:2,2
DA:3,2
DA:4,2
DA:5,2
DA:9,1
DA:10,1
DA:11,1
DA:12,1
DA:13,1
DA:18,1
DA:19,2
DA:23,2
DA:24,2
DA:25,2
DA:28,1
DA:29,1
LF:17
LH:17
BRDA:2,1,0,2
BRDA:2,1,1,0
BRDA:10,2,0,1
BRDA:10,2,1,0
BRDA:19,3,0,1
BRDA:19,3,1,1
BRDA:28,4,0,1
BRDA:28,4,1,0
BRDA:28,5,0,1
BRDA:28,5,1,1
BRF:10
BRH:7
end_of_record
