TN:
SF:/Users/mickjohnson/Documents/GitHub/rush/Content/sites/enterprises/assets/js/dropdownMenu.js
FN:3,toggleMenu
FNF:1
FNH:1
FNDA:1,toggleMenu
DA:2,1
DA:3,1
DA:4,1
DA:7,1
DA:8,1
DA:9,1
DA:11,1
DA:12,1
DA:13,1
DA:16,1
DA:17,0
DA:18,0
DA:19,0
DA:20,0
DA:21,0
DA:25,1
DA:26,0
DA:30,1
DA:35,1
DA:36,1
LF:20
LH:14
BRDA:7,1,0,1
BRDA:7,1,1,0
BRDA:17,2,0,0
BRDA:17,2,1,0
BRDA:17,3,0,0
BRDA:17,3,1,0
BRDA:35,4,0,1
BRDA:35,4,1,0
BRDA:35,5,0,1
BRDA:35,5,1,1
BRF:10
BRH:5
end_of_record
TN:
SF:/Users/mickjohnson/Documents/GitHub/rush/Content/sites/enterprises/assets/js/footerMenu.js
FN:5,generateDesktopFooterLinks
FN:18,generateMobileFooterLinks
FNF:2
FNH:2
FNDA:1,generateDesktopFooterLinks
FNDA:1,generateMobileFooterLinks
DA:5,1
DA:6,1
DA:7,1
DA:8,4
DA:9,4
DA:10,4
DA:11,4
DA:12,4
DA:13,4
DA:18,1
DA:19,1
DA:20,1
DA:21,4
DA:22,4
DA:23,4
DA:24,4
DA:25,4
DA:26,4
DA:32,1
DA:33,1
LF:20
LH:20
BRDA:6,1,0,1
BRDA:6,1,1,0
BRDA:19,2,0,1
BRDA:19,2,1,0
BRDA:32,3,0,1
BRDA:32,3,1,0
BRDA:32,4,0,1
BRDA:32,4,1,1
BRF:8
BRH:6
end_of_record
TN:
SF:/Users/mickjohnson/Documents/GitHub/rush/Content/sites/enterprises/assets/js/headerNavLinks.js
FN:1,createDesktopNavigation
FN:113,createMobileNavigation
FNF:2
FNH:2
FNDA:2,createDesktopNavigation
FNDA:2,createMobileNavigation
DA:1,1
DA:2,2
DA:3,1
DA:5,1
DA:6,1
DA:7,1
DA:8,1
DA:9,1
DA:11,6
DA:12,1
DA:16,6
DA:17,6
DA:20,6
DA:21,6
DA:22,6
DA:23,6
DA:24,6
DA:25,6
DA:28,6
DA:29,1
DA:33,6
DA:35,2
DA:38,2
DA:39,2
DA:40,2
DA:41,2
DA:43,2
DA:46,2
DA:47,2
DA:48,2
DA:49,2
DA:51,2
DA:53,2
DA:54,6
DA:55,6
DA:56,6
DA:57,6
DA:58,6
DA:59,6
DA:60,6
DA:61,6
DA:64,2
DA:65,2
DA:67,4
DA:72,6
DA:73,6
DA:74,6
DA:76,6
DA:80,1
DA:84,1
DA:85,1
DA:86,1
DA:88,1
DA:89,3
DA:90,3
DA:91,3
DA:92,3
DA:93,1
DA:95,3
DA:96,3
DA:97,3
DA:99,3
DA:100,3
DA:101,3
DA:103,3
DA:106,3
DA:109,1
DA:113,1
DA:114,2
DA:115,1
DA:117,1
DA:118,1
DA:120,1
DA:122,6
DA:123,6
DA:126,6
DA:127,6
DA:128,6
DA:129,6
DA:130,6
DA:132,6
DA:133,2
DA:134,2
DA:135,2
DA:136,2
DA:138,2
DA:139,2
DA:140,2
DA:141,2
DA:142,2
DA:144,2
DA:145,2
DA:146,2
DA:147,2
DA:149,2
DA:150,2
DA:152,2
DA:154,2
DA:155,2
DA:156,2
DA:157,2
DA:159,2
DA:160,6
DA:161,6
DA:162,6
DA:164,6
DA:165,1
DA:168,6
DA:169,6
DA:170,6
DA:171,6
DA:172,6
DA:174,6
DA:175,6
DA:176,6
DA:177,6
DA:180,4
DA:181,4
DA:185,6
DA:186,6
DA:187,6
DA:190,1
DA:194,1
DA:195,1
LF:124
LH:124
BRDA:2,1,0,1
BRDA:2,1,1,1
BRDA:11,2,0,1
BRDA:11,2,1,5
BRDA:11,3,0,6
BRDA:11,3,1,1
BRDA:11,3,2,1
BRDA:28,4,0,1
BRDA:28,4,1,5
BRDA:33,5,0,2
BRDA:33,5,1,4
BRDA:33,6,0,6
BRDA:33,6,1,6
BRDA:84,7,0,1
BRDA:84,7,1,0
BRDA:92,8,0,1
BRDA:92,8,1,2
BRDA:114,9,0,1
BRDA:114,9,1,1
BRDA:132,10,0,2
BRDA:132,10,1,4
BRDA:132,11,0,6
BRDA:132,11,1,6
BRDA:164,12,0,1
BRDA:164,12,1,5
BRDA:194,13,0,1
BRDA:194,13,1,0
BRDA:194,14,0,1
BRDA:194,14,1,1
BRF:29
BRH:28
end_of_record
TN:
SF:/Users/mickjohnson/Documents/GitHub/rush/Content/sites/enterprises/assets/js/mobileMenu.js
FN:1,openDrawer
FN:9,closeDrawer
FN:18,toggleMobileSubNav
FNF:3
FNH:3
FNDA:2,openDrawer
FNDA:1,closeDrawer
FNDA:2,toggleMobileSubNav
DA:1,1
DA:2,2
DA:3,2
DA:4,2
DA:5,2
DA:9,1
DA:10,1
DA:11,1
DA:12,1
DA:13,1
DA:18,1
DA:19,2
DA:23,2
DA:24,2
DA:25,2
DA:29,1
DA:30,1
LF:17
LH:17
BRDA:2,1,0,2
BRDA:2,1,1,0
BRDA:10,2,0,1
BRDA:10,2,1,0
BRDA:19,3,0,1
BRDA:19,3,1,1
BRDA:29,4,0,1
BRDA:29,4,1,0
BRDA:29,5,0,1
BRDA:29,5,1,1
BRF:10
BRH:8
end_of_record
